2011-10-06 19:38:06,010 [Worker-3] INFO  o.e.m.c.i.i.nexus.NexusIndexManager - Updating index for repository: central|http://repo1.maven.org/maven2
2011-10-06 19:46:03,618 [Worker-3] INFO  o.e.m.c.i.i.nexus.NexusIndexManager - Updated index for repository: central|http://repo1.maven.org/maven2 in 477618 ms
2011-10-06 19:46:04,672 [Worker-8] INFO  o.e.m.c.i.i.nexus.NexusIndexManager - Updating index for repository: central|http://repo1.maven.org/maven2
2011-10-06 19:46:07,232 [Worker-8] INFO  o.e.m.c.i.i.nexus.NexusIndexManager - Updated index for repository: central|http://repo1.maven.org/maven2 in 2560 ms
2011-10-06 19:50:10,049 [Worker-3] INFO  o.e.m.c.i.i.nexus.NexusIndexManager - Updating index for repository: central|http://repo1.maven.org/maven2
2011-10-06 19:50:11,831 [Worker-3] INFO  o.e.m.c.i.i.nexus.NexusIndexManager - Updated index for repository: central|http://repo1.maven.org/maven2 in 1792 ms
2011-10-06 19:50:29,545 [ModalContext] WARN  o.e.m.i.discovery.MavenDiscovery - CatalogItem org.eclipse.m2e.discovery.lifecyclemapping.m2e-egit does not contain lifecycle mapping metadata
2011-10-06 19:50:29,560 [ModalContext] WARN  o.e.m.i.discovery.MavenDiscovery - CatalogItem org.eclipse.m2e.discovery.lifecyclemapping.m2e-cvs does not contain lifecycle mapping metadata
2011-10-06 19:50:29,561 [ModalContext] WARN  o.e.m.i.discovery.MavenDiscovery - CatalogItem org.eclipse.m2e.discovery.lifecyclemapping.m2e-subversive does not contain lifecycle mapping metadata
2011-10-06 19:50:29,563 [ModalContext] WARN  o.e.m.i.discovery.MavenDiscovery - CatalogItem org.eclipse.m2e.discovery.lifecyclemapping.m2e-subclipse does not contain lifecycle mapping metadata
2011-10-06 19:50:29,563 [ModalContext] WARN  o.e.m.i.discovery.MavenDiscovery - CatalogItem org.eclipse.m2e.discovery.maven-runtime-3.0.3 does not contain lifecycle mapping metadata
2011-10-06 19:50:29,577 [ModalContext] WARN  o.e.m.i.discovery.MavenDiscovery - CatalogItem org.codehaus.groovy.m2eclipse does not contain lifecycle mapping metadata
2011-10-06 19:50:43,198 [Worker-5] INFO  o.e.m.c.i.l.LifecycleMappingFactory - Using org.eclipse.m2e.jdt.JarLifecycleMapping lifecycle mapping for MavenProject: com.apress.javaee6:chapter02:1.0 @ C:\dev\proj\JavaEE6_Book\chapter02\pom.xml.
2011-10-06 19:50:43,724 [New I/O client worker #2-1] INFO  o.e.m.c.i.e.AbstractTransferListenerAdapter - Downloading http://repo1.maven.org/maven2/org/apache/maven/plugins/maven-resources-plugin/2.4.3/maven-resources-plugin-2.4.3.pom
2011-10-06 19:50:43,734 [New I/O client worker #2-1] INFO  o.e.m.c.i.e.AbstractTransferListenerAdapter - Downloaded http://repo1.maven.org/maven2/org/apache/maven/plugins/maven-resources-plugin/2.4.3/maven-resources-plugin-2.4.3.pom
2011-10-06 19:50:44,187 [New I/O client worker #3-1] INFO  o.e.m.c.i.e.AbstractTransferListenerAdapter - Downloading http://repo1.maven.org/maven2/org/apache/maven/plugins/maven-resources-plugin/2.4.3/maven-resources-plugin-2.4.3.jar
2011-10-06 19:50:44,353 [New I/O client worker #3-1] INFO  o.e.m.c.i.e.AbstractTransferListenerAdapter - Downloaded http://repo1.maven.org/maven2/org/apache/maven/plugins/maven-resources-plugin/2.4.3/maven-resources-plugin-2.4.3.jar
2011-10-06 19:50:45,320 [Worker-3] INFO  o.e.m.c.i.l.LifecycleMappingFactory - Using org.eclipse.m2e.jdt.JarLifecycleMapping lifecycle mapping for MavenProject: com.apress.javaee6:chapter02:1.0 @ C:\dev\proj\JavaEE6_Book\chapter02\pom.xml.
2011-10-06 19:50:45,929 [Worker-8] INFO  o.e.m.c.i.l.LifecycleMappingFactory - Using org.eclipse.m2e.jdt.JarLifecycleMapping lifecycle mapping for MavenProject: com.apress.javaee6:chapter02:1.0 @ C:\dev\proj\JavaEE6_Book\chapter02\pom.xml.
2011-10-06 19:52:00,383 [Worker-8] INFO  o.e.m.c.i.l.LifecycleMappingFactory - Using org.eclipse.m2e.jdt.JarLifecycleMapping lifecycle mapping for MavenProject: com.apress.javaee6:chapter02:1.0 @ C:\dev\proj\JavaEE6_Book\chapter02\pom.xml.
2011-10-06 19:52:17,503 [Worker-3] INFO  o.e.m.c.u.i.UpdateConfigurationJob - Update started
2011-10-06 19:52:17,534 [Worker-3] INFO  o.e.m.c.i.l.LifecycleMappingFactory - Using org.eclipse.m2e.jdt.JarLifecycleMapping lifecycle mapping for MavenProject: com.apress.javaee6:chapter02:1.0 @ C:\dev\proj\JavaEE6_Book\chapter02\pom.xml.
2011-10-06 19:52:17,860 [Worker-3] INFO  o.e.m.c.u.i.UpdateConfigurationJob - Update completed: 0 sec
2011-10-06 23:12:54,148 [Worker-4] INFO  o.e.m.c.i.i.nexus.NexusIndexManager - Updating index for repository: central|http://repo1.maven.org/maven2
2011-10-06 23:13:05,944 [Worker-4] INFO  o.e.m.c.i.i.nexus.NexusIndexManager - Updated index for repository: central|http://repo1.maven.org/maven2 in 11816 ms
2011-10-06 23:13:07,222 [ModalContext] WARN  o.e.m.i.discovery.MavenDiscovery - CatalogItem org.eclipse.m2e.discovery.lifecyclemapping.m2e-egit does not contain lifecycle mapping metadata
2011-10-06 23:13:07,242 [ModalContext] WARN  o.e.m.i.discovery.MavenDiscovery - CatalogItem org.eclipse.m2e.discovery.lifecyclemapping.m2e-cvs does not contain lifecycle mapping metadata
2011-10-06 23:13:07,242 [ModalContext] WARN  o.e.m.i.discovery.MavenDiscovery - CatalogItem org.eclipse.m2e.discovery.lifecyclemapping.m2e-subversive does not contain lifecycle mapping metadata
2011-10-06 23:13:07,242 [ModalContext] WARN  o.e.m.i.discovery.MavenDiscovery - CatalogItem org.eclipse.m2e.discovery.lifecyclemapping.m2e-subclipse does not contain lifecycle mapping metadata
2011-10-06 23:13:07,242 [ModalContext] WARN  o.e.m.i.discovery.MavenDiscovery - CatalogItem org.eclipse.m2e.discovery.maven-runtime-3.0.3 does not contain lifecycle mapping metadata
2011-10-06 23:13:07,252 [ModalContext] WARN  o.e.m.i.discovery.MavenDiscovery - CatalogItem org.codehaus.groovy.m2eclipse does not contain lifecycle mapping metadata
2011-10-06 23:13:19,430 [Worker-2] INFO  o.e.m.c.i.l.LifecycleMappingFactory - Using org.eclipse.m2e.jdt.JarLifecycleMapping lifecycle mapping for MavenProject: com.apress.javaee6:chapter02:1.0 @ C:\dev\proj\JavaEE6_Book\chapter02\pom.xml.
2011-10-06 23:13:20,484 [Worker-4] INFO  o.e.m.c.i.l.LifecycleMappingFactory - Using org.eclipse.m2e.jdt.JarLifecycleMapping lifecycle mapping for MavenProject: com.apress.javaee6:chapter02:1.0 @ C:\dev\proj\JavaEE6_Book\chapter02\pom.xml.
2011-10-06 23:13:24,254 [Worker-3] INFO  o.e.m.c.i.l.LifecycleMappingFactory - Using org.eclipse.m2e.jdt.JarLifecycleMapping lifecycle mapping for MavenProject: com.apress.javaee6:chapter02:1.0 @ C:\dev\proj\JavaEE6_Book\chapter02\pom.xml.
2011-10-24 18:43:40,670 [Worker-0] INFO  o.e.m.c.i.i.nexus.NexusIndexManager - Updating index for repository: central|http://repo1.maven.org/maven2
2011-10-24 18:43:50,207 [ModalContext] WARN  o.e.m.i.discovery.MavenDiscovery - CatalogItem org.eclipse.m2e.discovery.lifecyclemapping.m2e-egit does not contain lifecycle mapping metadata
2011-10-24 18:43:50,207 [ModalContext] WARN  o.e.m.i.discovery.MavenDiscovery - CatalogItem org.eclipse.m2e.discovery.lifecyclemapping.m2e-cvs does not contain lifecycle mapping metadata
2011-10-24 18:43:50,207 [ModalContext] WARN  o.e.m.i.discovery.MavenDiscovery - CatalogItem org.eclipse.m2e.discovery.lifecyclemapping.m2e-subversive does not contain lifecycle mapping metadata
2011-10-24 18:43:50,207 [ModalContext] WARN  o.e.m.i.discovery.MavenDiscovery - CatalogItem org.eclipse.m2e.discovery.lifecyclemapping.m2e-subclipse does not contain lifecycle mapping metadata
2011-10-24 18:43:50,207 [ModalContext] WARN  o.e.m.i.discovery.MavenDiscovery - CatalogItem org.eclipse.m2e.discovery.maven-runtime-3.0.3 does not contain lifecycle mapping metadata
2011-10-24 18:43:50,227 [ModalContext] WARN  o.e.m.i.discovery.MavenDiscovery - CatalogItem org.codehaus.groovy.m2eclipse does not contain lifecycle mapping metadata
2011-10-24 18:48:24,388 [Worker-3] INFO  o.e.m.c.i.l.LifecycleMappingFactory - Using org.eclipse.m2e.jdt.JarLifecycleMapping lifecycle mapping for MavenProject: com.apress.javaee6:chapter10:1.0 @ C:\dev\proj\JavaEE6_Book\chapter10\src\pom.xml.
2011-10-24 18:48:24,768 [New I/O client worker #2-1] INFO  o.e.m.c.i.e.AbstractTransferListenerAdapter - Downloaded http://repo1.maven.org/maven2/javax/faces/jsf-api/2.0.0/jsf-api-2.0.0.pom
2011-10-24 18:48:24,858 [Worker-3] WARN  o.e.m.c.i.embedder.EclipseLogger - The POM for javax.faces:jsf-api:jar:2.0.0 is missing, no dependency information available
2011-10-24 18:48:24,988 [New I/O client worker #3-1] INFO  o.e.m.c.i.e.AbstractTransferListenerAdapter - Downloading http://repo1.maven.org/maven2/org/glassfish/javax.ejb/3.0/javax.ejb-3.0.pom
2011-10-24 18:48:25,008 [New I/O client worker #3-1] INFO  o.e.m.c.i.e.AbstractTransferListenerAdapter - Downloaded http://repo1.maven.org/maven2/org/glassfish/javax.ejb/3.0/javax.ejb-3.0.pom
2011-10-24 18:48:25,490 [New I/O client worker #4-1] INFO  o.e.m.c.i.e.AbstractTransferListenerAdapter - Downloading http://repo1.maven.org/maven2/org/glassfish/api-pom/3.0/api-pom-3.0.pom
2011-10-24 18:48:25,500 [New I/O client worker #4-1] INFO  o.e.m.c.i.e.AbstractTransferListenerAdapter - Downloaded http://repo1.maven.org/maven2/org/glassfish/api-pom/3.0/api-pom-3.0.pom
2011-10-24 18:48:26,010 [New I/O client worker #5-1] INFO  o.e.m.c.i.e.AbstractTransferListenerAdapter - Downloading http://repo1.maven.org/maven2/org/glassfish/glassfish-parent/3.0/glassfish-parent-3.0.pom
2011-10-24 18:48:26,100 [New I/O client worker #5-1] INFO  o.e.m.c.i.e.AbstractTransferListenerAdapter - Downloaded http://repo1.maven.org/maven2/org/glassfish/glassfish-parent/3.0/glassfish-parent-3.0.pom
2011-10-24 18:48:26,470 [New I/O client worker #6-1] INFO  o.e.m.c.i.e.AbstractTransferListenerAdapter - Downloading http://repo1.maven.org/maven2/org/glassfish/pom/8/pom-8.pom
2011-10-24 18:48:26,510 [New I/O client worker #6-1] INFO  o.e.m.c.i.e.AbstractTransferListenerAdapter - Downloaded http://repo1.maven.org/maven2/org/glassfish/pom/8/pom-8.pom
2011-10-24 18:48:27,013 [New I/O client worker #7-1] INFO  o.e.m.c.i.e.AbstractTransferListenerAdapter - Downloading http://repo1.maven.org/maven2/org/glassfish/javax.transaction/3.0/javax.transaction-3.0.pom
2011-10-24 18:48:27,033 [New I/O client worker #7-1] INFO  o.e.m.c.i.e.AbstractTransferListenerAdapter - Downloaded http://repo1.maven.org/maven2/org/glassfish/javax.transaction/3.0/javax.transaction-3.0.pom
2011-10-24 18:48:27,515 [New I/O client worker #8-1] INFO  o.e.m.c.i.e.AbstractTransferListenerAdapter - Downloading http://repo1.maven.org/maven2/org/glassfish/javax.annotation/3.0/javax.annotation-3.0.pom
2011-10-24 18:48:27,515 [New I/O client worker #8-1] INFO  o.e.m.c.i.e.AbstractTransferListenerAdapter - Downloaded http://repo1.maven.org/maven2/org/glassfish/javax.annotation/3.0/javax.annotation-3.0.pom
2011-10-24 18:48:27,977 [New I/O client worker #9-1] INFO  o.e.m.c.i.e.AbstractTransferListenerAdapter - Downloading http://repo1.maven.org/maven2/org/glassfish/javaee-api/3.0/javaee-api-3.0.pom
2011-10-24 18:48:27,977 [New I/O client worker #9-1] INFO  o.e.m.c.i.e.AbstractTransferListenerAdapter - Downloaded http://repo1.maven.org/maven2/org/glassfish/javaee-api/3.0/javaee-api-3.0.pom
2011-10-24 18:48:28,467 [New I/O client worker #10-1] INFO  o.e.m.c.i.e.AbstractTransferListenerAdapter - Downloaded http://repo1.maven.org/maven2/org/eclipse/persistence/javax.persistence/1.1.0/javax.persistence-1.1.0.pom
2011-10-24 18:48:28,487 [Worker-3] WARN  o.e.m.c.i.embedder.EclipseLogger - The POM for org.eclipse.persistence:javax.persistence:jar:1.1.0 is missing, no dependency information available
2011-10-24 18:48:28,727 [New I/O client worker #11-1] INFO  o.e.m.c.i.e.AbstractTransferListenerAdapter - Downloaded http://repo1.maven.org/maven2/javax/faces/jsf-api/2.0.0/jsf-api-2.0.0.jar
2011-10-24 18:48:28,987 [New I/O client worker #11-2] INFO  o.e.m.c.i.e.AbstractTransferListenerAdapter - Downloading http://repo1.maven.org/maven2/org/glassfish/javax.ejb/3.0/javax.ejb-3.0.jar
2011-10-24 18:48:29,227 [New I/O client worker #11-2] INFO  o.e.m.c.i.e.AbstractTransferListenerAdapter - Downloaded http://repo1.maven.org/maven2/org/glassfish/javax.ejb/3.0/javax.ejb-3.0.jar
2011-10-24 18:48:29,268 [New I/O client worker #11-3] INFO  o.e.m.c.i.e.AbstractTransferListenerAdapter - Downloading http://repo1.maven.org/maven2/org/glassfish/javax.transaction/3.0/javax.transaction-3.0.jar
2011-10-24 18:48:29,439 [New I/O client worker #11-3] INFO  o.e.m.c.i.e.AbstractTransferListenerAdapter - Downloaded http://repo1.maven.org/maven2/org/glassfish/javax.transaction/3.0/javax.transaction-3.0.jar
2011-10-24 18:48:29,499 [New I/O client worker #11-4] INFO  o.e.m.c.i.e.AbstractTransferListenerAdapter - Downloading http://repo1.maven.org/maven2/org/glassfish/javax.annotation/3.0/javax.annotation-3.0.jar
2011-10-24 18:48:29,639 [New I/O client worker #11-4] INFO  o.e.m.c.i.e.AbstractTransferListenerAdapter - Downloaded http://repo1.maven.org/maven2/org/glassfish/javax.annotation/3.0/javax.annotation-3.0.jar
2011-10-24 18:48:29,719 [New I/O client worker #11-1] INFO  o.e.m.c.i.e.AbstractTransferListenerAdapter - Downloaded http://repo1.maven.org/maven2/org/eclipse/persistence/javax.persistence/1.1.0/javax.persistence-1.1.0.jar
2011-10-24 18:48:32,119 [Worker-5] INFO  o.e.m.c.i.l.LifecycleMappingFactory - Using org.eclipse.m2e.jdt.JarLifecycleMapping lifecycle mapping for MavenProject: com.apress.javaee6:chapter10:1.0 @ C:\dev\proj\JavaEE6_Book\chapter10\src\pom.xml.
2011-10-24 18:48:32,299 [Worker-5] WARN  o.e.m.c.i.embedder.EclipseLogger - The POM for javax.faces:jsf-api:jar:2.0.0 is missing, no dependency information available
2011-10-24 18:48:32,339 [Worker-5] WARN  o.e.m.c.i.embedder.EclipseLogger - The POM for org.eclipse.persistence:javax.persistence:jar:1.1.0 is missing, no dependency information available
2011-10-24 18:48:33,183 [Worker-4] INFO  o.e.m.c.i.l.LifecycleMappingFactory - Using org.eclipse.m2e.jdt.JarLifecycleMapping lifecycle mapping for MavenProject: com.apress.javaee6:chapter10:1.0 @ C:\dev\proj\JavaEE6_Book\chapter10\src\pom.xml.
2011-10-24 18:48:33,183 [Worker-4] WARN  o.e.m.c.i.embedder.EclipseLogger - The POM for javax.faces:jsf-api:jar:2.0.0 is missing, no dependency information available
2011-10-24 18:48:33,213 [Worker-4] WARN  o.e.m.c.i.embedder.EclipseLogger - The POM for org.eclipse.persistence:javax.persistence:jar:1.1.0 is missing, no dependency information available
2011-10-24 18:54:34,853 [Worker-0] INFO  o.e.m.c.i.i.nexus.NexusIndexManager - Updated index for repository: central|http://repo1.maven.org/maven2 in 654192 ms
2011-10-24 18:55:25,521 [Worker-0] INFO  o.e.m.c.i.l.LifecycleMappingFactory - Using org.eclipse.m2e.jdt.JarLifecycleMapping lifecycle mapping for MavenProject: com.apress.javaee6:chapter10:1.0 @ C:\dev\proj\JavaEE6_Book\chapter10\src\pom.xml.
2011-10-24 18:55:25,521 [Worker-0] WARN  o.e.m.c.i.embedder.EclipseLogger - The POM for javax.faces:jsf-api:jar:2.0.0 is missing, no dependency information available
2011-10-24 18:55:25,551 [Worker-0] WARN  o.e.m.c.i.embedder.EclipseLogger - The POM for org.eclipse.persistence:javax.persistence:jar:1.1.0 is missing, no dependency information available
2011-10-24 18:57:18,814 [Worker-0] INFO  o.e.m.c.i.l.LifecycleMappingFactory - Using org.eclipse.m2e.jdt.JarLifecycleMapping lifecycle mapping for MavenProject: com.apress.javaee6:chapter10:1.0 @ C:\dev\proj\JavaEE6_Book\chapter10\pom.xml.
2011-10-24 18:57:18,816 [Worker-0] WARN  o.e.m.c.i.embedder.EclipseLogger - The POM for javax.faces:jsf-api:jar:2.0.0 is missing, no dependency information available
2011-10-24 18:57:18,842 [Worker-0] WARN  o.e.m.c.i.embedder.EclipseLogger - The POM for org.eclipse.persistence:javax.persistence:jar:1.1.0 is missing, no dependency information available
2011-10-24 18:57:19,527 [Worker-0] INFO  o.e.m.c.i.l.LifecycleMappingFactory - Using org.eclipse.m2e.jdt.JarLifecycleMapping lifecycle mapping for MavenProject: com.apress.javaee6:chapter10:1.0 @ C:\dev\proj\JavaEE6_Book\chapter10\pom.xml.
2011-10-24 18:57:19,527 [Worker-0] WARN  o.e.m.c.i.embedder.EclipseLogger - The POM for javax.faces:jsf-api:jar:2.0.0 is missing, no dependency information available
2011-10-24 18:57:19,564 [Worker-0] WARN  o.e.m.c.i.embedder.EclipseLogger - The POM for org.eclipse.persistence:javax.persistence:jar:1.1.0 is missing, no dependency information available
2011-10-24 18:57:20,468 [Worker-4] INFO  o.e.m.c.i.l.LifecycleMappingFactory - Using org.eclipse.m2e.jdt.JarLifecycleMapping lifecycle mapping for MavenProject: com.apress.javaee6:chapter10:1.0 @ C:\dev\proj\JavaEE6_Book\chapter10\pom.xml.
2011-10-24 18:57:20,472 [Worker-4] WARN  o.e.m.c.i.embedder.EclipseLogger - The POM for javax.faces:jsf-api:jar:2.0.0 is missing, no dependency information available
2011-10-24 18:57:20,506 [Worker-4] WARN  o.e.m.c.i.embedder.EclipseLogger - The POM for org.eclipse.persistence:javax.persistence:jar:1.1.0 is missing, no dependency information available
2011-10-24 19:04:39,940 [Worker-8] INFO  o.e.m.c.i.l.LifecycleMappingFactory - Using org.eclipse.m2e.jdt.JarLifecycleMapping lifecycle mapping for MavenProject: com.apress.javaee6:chapter10:1.0 @ C:\dev\proj\JavaEE6_Book\chapter10\pom.xml.
2011-10-24 19:04:40,090 [New I/O client worker #12-1] INFO  o.e.m.c.i.e.AbstractTransferListenerAdapter - Downloading http://repo1.maven.org/maven2/javax/faces/jsf-api/2.1/jsf-api-2.1.pom
2011-10-24 19:04:40,090 [New I/O client worker #12-1] INFO  o.e.m.c.i.e.AbstractTransferListenerAdapter - Downloaded http://repo1.maven.org/maven2/javax/faces/jsf-api/2.1/jsf-api-2.1.pom
2011-10-24 19:04:40,410 [Worker-8] WARN  o.e.m.c.i.embedder.EclipseLogger - The POM for org.eclipse.persistence:javax.persistence:jar:1.1.0 is missing, no dependency information available
2011-10-24 19:04:40,602 [New I/O client worker #13-1] INFO  o.e.m.c.i.e.AbstractTransferListenerAdapter - Downloading http://repo1.maven.org/maven2/javax/faces/jsf-api/2.1/jsf-api-2.1.jar
2011-10-24 19:04:41,092 [New I/O client worker #13-1] INFO  o.e.m.c.i.e.AbstractTransferListenerAdapter - Downloaded http://repo1.maven.org/maven2/javax/faces/jsf-api/2.1/jsf-api-2.1.jar
2011-10-24 19:06:15,854 [Worker-11] INFO  o.e.m.c.i.l.LifecycleMappingFactory - Using org.eclipse.m2e.jdt.JarLifecycleMapping lifecycle mapping for MavenProject: com.apress.javaee6:chapter10:1.0 @ C:\dev\proj\JavaEE6_Book\chapter10\pom.xml.
2011-10-24 19:06:16,032 [New I/O client worker #14-1] INFO  o.e.m.c.i.e.AbstractTransferListenerAdapter - Downloaded http://repo1.maven.org/maven2/org/eclipse/persistence/javax.persistence/2.0/javax.persistence-2.0.pom
2011-10-24 19:06:16,048 [Worker-11] WARN  o.e.m.c.i.embedder.EclipseLogger - The POM for org.eclipse.persistence:javax.persistence:jar:2.0 is missing, no dependency information available
2011-10-24 19:06:16,294 [New I/O client worker #15-1] INFO  o.e.m.c.i.e.AbstractTransferListenerAdapter - Downloaded http://repo1.maven.org/maven2/org/eclipse/persistence/javax.persistence/2.0/javax.persistence-2.0.jar
2011-10-24 19:07:57,063 [Worker-9] INFO  o.e.m.c.i.l.LifecycleMappingFactory - Using org.eclipse.m2e.jdt.JarLifecycleMapping lifecycle mapping for MavenProject: com.apress.javaee6:chapter10:1.0 @ C:\dev\proj\JavaEE6_Book\chapter10\pom.xml.
2011-10-24 20:06:52,702 [Worker-16] INFO  o.e.m.c.u.i.UpdateConfigurationJob - Update started
2011-10-24 20:06:52,718 [Worker-16] INFO  o.e.m.c.i.l.LifecycleMappingFactory - Using org.eclipse.m2e.jdt.JarLifecycleMapping lifecycle mapping for MavenProject: com.apress.javaee6:chapter10:1.0 @ C:\dev\proj\JavaEE6_Book\chapter10\pom.xml.
2011-10-24 20:06:53,017 [Worker-16] INFO  o.e.m.c.u.i.UpdateConfigurationJob - Update completed: 0 sec
2011-10-24 20:07:13,616 [Worker-17] INFO  o.e.m.c.i.l.LifecycleMappingFactory - Using org.eclipse.m2e.jdt.JarLifecycleMapping lifecycle mapping for MavenProject: com.apress.javaee6:chapter10:1.0 @ C:\dev\proj\JavaEE6_Book\chapter10\pom.xml.
2011-10-24 20:08:26,464 [Worker-20] INFO  o.e.m.c.u.i.UpdateConfigurationJob - Update started
2011-10-24 20:08:26,484 [Worker-20] INFO  o.e.m.c.i.l.LifecycleMappingFactory - Using org.eclipse.m2e.jdt.JarLifecycleMapping lifecycle mapping for MavenProject: com.apress.javaee6:chapter10:1.0 @ C:\dev\proj\JavaEE6_Book\chapter10\pom.xml.
2011-10-24 20:08:26,720 [Worker-20] INFO  o.e.m.c.u.i.UpdateConfigurationJob - Update completed: 0 sec
2011-10-24 20:13:14,049 [Worker-20] INFO  o.e.m.c.i.l.LifecycleMappingFactory - Using org.eclipse.m2e.jdt.JarLifecycleMapping lifecycle mapping for MavenProject: com.apress.javaee6:chapter10:1.0 @ C:\dev\proj\JavaEE6_Book\chapter10\pom.xml.
2011-10-24 20:13:14,570 [Worker-22] INFO  o.e.m.c.i.l.LifecycleMappingFactory - Using org.eclipse.m2e.jdt.JarLifecycleMapping lifecycle mapping for MavenProject: com.apress.javaee6:chapter10:1.0 @ C:\dev\proj\JavaEE6_Book\chapter10\pom.xml.
2011-10-24 20:13:15,435 [Worker-20] INFO  o.e.m.c.i.l.LifecycleMappingFactory - Using org.eclipse.m2e.jdt.JarLifecycleMapping lifecycle mapping for MavenProject: com.apress.javaee6:chapter10:1.0 @ C:\dev\proj\JavaEE6_Book\chapter10\pom.xml.
2011-10-24 20:13:53,799 [Worker-19] INFO  o.e.m.c.u.i.UpdateConfigurationJob - Update started
2011-10-24 20:13:53,827 [Worker-19] INFO  o.e.m.c.i.l.LifecycleMappingFactory - Using org.eclipse.m2e.jdt.JarLifecycleMapping lifecycle mapping for MavenProject: com.apress.javaee6:chapter10:1.0 @ C:\dev\proj\JavaEE6_Book\chapter10\pom.xml.
2011-10-24 20:13:54,045 [Worker-19] INFO  o.e.m.c.u.i.UpdateConfigurationJob - Update completed: 0 sec
2012-04-24 17:30:49,370 [Worker-1] INFO  o.e.m.c.i.i.nexus.NexusIndexManager - Updating index for repository: central|http://repo1.maven.org/maven2
2012-04-24 17:30:51,336 [Worker-2] INFO  o.e.m.c.i.l.LifecycleMappingFactory - Using org.eclipse.m2e.jdt.JarLifecycleMapping lifecycle mapping for MavenProject: com.apress.javaee6:chapter10:1.0 @ C:\dev\proj\JavaEE6_Book\chapter10\pom.xml.
2012-04-24 17:30:52,974 [Worker-1] ERROR o.e.m.c.i.i.nexus.NexusIndexManager - Unable to update index for central|http://repo1.maven.org/maven2
java.io.IOException: null to http://repo1.maven.org/maven2/.index/nexus-maven-repository-index.properties
	at org.eclipse.m2e.core.internal.index.nexus.AsyncFetcher$PipedErrorInputStream.checkError(AsyncFetcher.java:253) ~[org.eclipse.m2e.core_1.0.100.20110804-1717.jar:na]
	at org.eclipse.m2e.core.internal.index.nexus.AsyncFetcher$PipedErrorInputStream.read(AsyncFetcher.java:259) ~[org.eclipse.m2e.core_1.0.100.20110804-1717.jar:na]
	at java.io.PipedInputStream.read(Unknown Source) ~[na:1.6.0_24]
	at java.io.InputStream.read(Unknown Source) ~[na:1.6.0_24]
	at java.util.Properties$LineReader.readLine(Unknown Source) ~[na:1.6.0_24]
	at java.util.Properties.load0(Unknown Source) ~[na:1.6.0_24]
	at java.util.Properties.load(Unknown Source) ~[na:1.6.0_24]
	at org.apache.maven.index.updater.DefaultIndexUpdater.downloadIndexProperties(DefaultIndexUpdater.java:457) ~[indexer-core-3.1.0.jar:3.1.0]
	at org.apache.maven.index.updater.DefaultIndexUpdater.access$100(DefaultIndexUpdater.java:75) ~[indexer-core-3.1.0.jar:3.1.0]
	at org.apache.maven.index.updater.DefaultIndexUpdater$IndexAdaptor.setProperties(DefaultIndexUpdater.java:607) ~[indexer-core-3.1.0.jar:3.1.0]
	at org.apache.maven.index.updater.DefaultIndexUpdater.fetchAndUpdateIndex(DefaultIndexUpdater.java:788) ~[indexer-core-3.1.0.jar:3.1.0]
	at org.apache.maven.index.updater.DefaultIndexUpdater.fetchAndUpdateIndex(DefaultIndexUpdater.java:135) ~[indexer-core-3.1.0.jar:3.1.0]
	at org.eclipse.m2e.core.internal.index.nexus.NexusIndexManager.updateRemoteIndex(NexusIndexManager.java:1124) [org.eclipse.m2e.core_1.0.100.20110804-1717.jar:na]
	at org.eclipse.m2e.core.internal.index.nexus.NexusIndexManager.updateIndex(NexusIndexManager.java:1081) [org.eclipse.m2e.core_1.0.100.20110804-1717.jar:na]
	at org.eclipse.m2e.core.internal.index.nexus.NexusIndexManager$1.run(NexusIndexManager.java:658) [org.eclipse.m2e.core_1.0.100.20110804-1717.jar:na]
	at org.eclipse.m2e.core.internal.index.nexus.IndexUpdaterJob.run(IndexUpdaterJob.java:71) [org.eclipse.m2e.core_1.0.100.20110804-1717.jar:na]
	at org.eclipse.core.internal.jobs.Worker.run(Worker.java:54) [org.eclipse.core.jobs_3.5.101.v20120113-1953.jar:na]
Caused by: java.net.ConnectException: null to http://repo1.maven.org/maven2/.index/nexus-maven-repository-index.properties
	at com.ning.http.client.providers.netty.NettyConnectListener.operationComplete(NettyConnectListener.java:83) ~[async-http-client-1.6.3.jar:na]
	at com.ning.http.client.providers.netty.NettyAsyncHttpProvider.doConnect(NettyAsyncHttpProvider.java:857) ~[async-http-client-1.6.3.jar:na]
	at com.ning.http.client.providers.netty.NettyAsyncHttpProvider.execute(NettyAsyncHttpProvider.java:731) ~[async-http-client-1.6.3.jar:na]
	at com.ning.http.client.AsyncHttpClient.executeRequest(AsyncHttpClient.java:484) ~[async-http-client-1.6.3.jar:na]
	at com.ning.http.client.SimpleAsyncHttpClient.execute(SimpleAsyncHttpClient.java:285) ~[async-http-client-1.6.3.jar:na]
	at com.ning.http.client.SimpleAsyncHttpClient.get(SimpleAsyncHttpClient.java:202) ~[async-http-client-1.6.3.jar:na]
	at org.eclipse.m2e.core.internal.index.nexus.AsyncFetcher.retrieve(AsyncFetcher.java:205) ~[org.eclipse.m2e.core_1.0.100.20110804-1717.jar:na]
	at org.apache.maven.index.updater.DefaultIndexUpdater.downloadIndexProperties(DefaultIndexUpdater.java:452) ~[indexer-core-3.1.0.jar:3.1.0]
	... 9 common frames omitted
Caused by: java.nio.channels.UnresolvedAddressException: null
	at sun.nio.ch.Net.checkAddress(Unknown Source) ~[na:1.6.0_24]
	at sun.nio.ch.SocketChannelImpl.connect(Unknown Source) ~[na:1.6.0_24]
	at org.jboss.netty.channel.socket.nio.NioClientSocketPipelineSink.connect(NioClientSocketPipelineSink.java:140) ~[netty-3.2.4.Final.jar:na]
	at org.jboss.netty.channel.socket.nio.NioClientSocketPipelineSink.eventSunk(NioClientSocketPipelineSink.java:103) ~[netty-3.2.4.Final.jar:na]
	at org.jboss.netty.handler.codec.oneone.OneToOneEncoder.handleDownstream(OneToOneEncoder.java:60) ~[netty-3.2.4.Final.jar:na]
	at org.jboss.netty.handler.codec.http.HttpClientCodec.handleDownstream(HttpClientCodec.java:82) ~[netty-3.2.4.Final.jar:na]
	at org.jboss.netty.handler.stream.ChunkedWriteHandler.handleDownstream(ChunkedWriteHandler.java:114) ~[netty-3.2.4.Final.jar:na]
	at org.jboss.netty.channel.Channels.connect(Channels.java:541) ~[netty-3.2.4.Final.jar:na]
	at org.jboss.netty.channel.AbstractChannel.connect(AbstractChannel.java:218) ~[netty-3.2.4.Final.jar:na]
	at org.jboss.netty.bootstrap.ClientBootstrap.connect(ClientBootstrap.java:227) ~[netty-3.2.4.Final.jar:na]
	at org.jboss.netty.bootstrap.ClientBootstrap.connect(ClientBootstrap.java:188) ~[netty-3.2.4.Final.jar:na]
	at com.ning.http.client.providers.netty.NettyAsyncHttpProvider.doConnect(NettyAsyncHttpProvider.java:836) ~[async-http-client-1.6.3.jar:na]
	... 15 common frames omitted
2012-05-03 16:22:20,277 [Worker-70] INFO  o.e.m.c.i.i.nexus.NexusIndexManager - Updating index for repository: central|http://repo1.maven.org/maven2
2012-05-03 16:22:21,255 [Worker-68] INFO  o.e.m.c.i.l.LifecycleMappingFactory - Using org.eclipse.m2e.jdt.JarLifecycleMapping lifecycle mapping for MavenProject: com.apress.javaee6:chapter10:1.0 @ C:\dev\proj\JavaEE6_Book\chapter10\pom.xml.
2012-05-03 16:22:22,532 [Worker-73] INFO  o.e.m.c.i.l.LifecycleMappingFactory - Using org.eclipse.m2e.jdt.JarLifecycleMapping lifecycle mapping for MavenProject: com.apress.javaee6:chapter10:1.0 @ C:\dev\proj\JavaEE6_Book\chapter10\pom.xml.
2012-05-03 16:24:01,296 [Worker-70] ERROR o.e.m.c.i.i.nexus.NexusIndexManager - Unable to update index for central|http://repo1.maven.org/maven2
java.io.IOException: No response received after 60000
	at org.eclipse.m2e.core.internal.index.nexus.AsyncFetcher$PipedErrorInputStream.checkError(AsyncFetcher.java:251) ~[org.eclipse.m2e.core_1.0.200.20111228-1245.jar:na]
	at org.eclipse.m2e.core.internal.index.nexus.AsyncFetcher$PipedErrorInputStream.read(AsyncFetcher.java:259) ~[org.eclipse.m2e.core_1.0.200.20111228-1245.jar:na]
	at java.io.PipedInputStream.read(Unknown Source) ~[na:1.6.0_24]
	at java.io.InputStream.read(Unknown Source) ~[na:1.6.0_24]
	at org.codehaus.plexus.util.IOUtil.copy(IOUtil.java:188) ~[plexus-utils-2.0.6.jar:na]
	at org.codehaus.plexus.util.IOUtil.copy(IOUtil.java:174) ~[plexus-utils-2.0.6.jar:na]
	at org.codehaus.plexus.util.FileUtils.copyStreamToFile(FileUtils.java:1143) ~[plexus-utils-2.0.6.jar:na]
	at org.apache.maven.index.updater.DefaultIndexUpdater$LocalCacheIndexAdaptor.setIndexFile(DefaultIndexUpdater.java:700) ~[indexer-core-3.1.0.jar:3.1.0]
	at org.apache.maven.index.updater.DefaultIndexUpdater.fetchAndUpdateIndex(DefaultIndexUpdater.java:844) ~[indexer-core-3.1.0.jar:3.1.0]
	at org.apache.maven.index.updater.DefaultIndexUpdater.fetchAndUpdateIndex(DefaultIndexUpdater.java:135) ~[indexer-core-3.1.0.jar:3.1.0]
	at org.eclipse.m2e.core.internal.index.nexus.NexusIndexManager.updateRemoteIndex(NexusIndexManager.java:1124) [org.eclipse.m2e.core_1.0.200.20111228-1245.jar:na]
	at org.eclipse.m2e.core.internal.index.nexus.NexusIndexManager.updateIndex(NexusIndexManager.java:1081) [org.eclipse.m2e.core_1.0.200.20111228-1245.jar:na]
	at org.eclipse.m2e.core.internal.index.nexus.NexusIndexManager$1.run(NexusIndexManager.java:658) [org.eclipse.m2e.core_1.0.200.20111228-1245.jar:na]
	at org.eclipse.m2e.core.internal.index.nexus.IndexUpdaterJob.run(IndexUpdaterJob.java:71) [org.eclipse.m2e.core_1.0.200.20111228-1245.jar:na]
	at org.eclipse.core.internal.jobs.Worker.run(Worker.java:54) [org.eclipse.core.jobs_3.5.101.v20120113-1953.jar:na]
java.util.concurrent.TimeoutException: No response received after 60000
	at com.ning.http.client.providers.netty.NettyAsyncHttpProvider$ReaperFuture.run(NettyAsyncHttpProvider.java:1773) ~[na:na]
	at java.util.concurrent.Executors$RunnableAdapter.call(Unknown Source) ~[na:1.6.0_24]
	at java.util.concurrent.FutureTask$Sync.innerRunAndReset(Unknown Source) ~[na:1.6.0_24]
	at java.util.concurrent.FutureTask.runAndReset(Unknown Source) ~[na:1.6.0_24]
	at java.util.concurrent.ScheduledThreadPoolExecutor$ScheduledFutureTask.access$101(Unknown Source) ~[na:1.6.0_24]
	at java.util.concurrent.ScheduledThreadPoolExecutor$ScheduledFutureTask.runPeriodic(Unknown Source) ~[na:1.6.0_24]
	at java.util.concurrent.ScheduledThreadPoolExecutor$ScheduledFutureTask.run(Unknown Source) ~[na:1.6.0_24]
	at java.util.concurrent.ThreadPoolExecutor$Worker.runTask(Unknown Source) ~[na:1.6.0_24]
	at java.util.concurrent.ThreadPoolExecutor$Worker.run(Unknown Source) ~[na:1.6.0_24]
	at java.lang.Thread.run(Unknown Source) ~[na:1.6.0_24]
2012-05-03 16:40:50,392 [Worker-82] INFO  o.e.m.c.i.l.LifecycleMappingFactory - Using org.eclipse.m2e.jdt.JarLifecycleMapping lifecycle mapping for MavenProject: com.apress.javaee6:chapter10:1.0 @ C:\dev\proj\JavaEE6_Book\chapter10\pom.xml.
2012-05-06 13:02:26,763 [Start Help Server] INFO  org.mortbay.log - Logging to Logger[org.mortbay.log] via org.mortbay.log.Slf4jLog
2012-05-06 13:02:27,429 [Start Help Server] INFO  org.mortbay.log - jetty-6.1.x
2012-05-06 13:02:27,530 [Start Help Server] INFO  org.mortbay.log - Started SelectChannelConnector@127.0.0.1:61605
2012-05-06 13:26:13,425 [Worker-6] INFO  o.e.m.c.i.i.nexus.NexusIndexManager - Updating index for repository: central|http://repo1.maven.org/maven2
2012-05-06 13:27:22,053 [Worker-8] INFO  o.e.m.c.i.l.LifecycleMappingFactory - Using org.eclipse.m2e.jdt.JarLifecycleMapping lifecycle mapping for MavenProject: com.apress.javaee6:chapter10:1.0 @ C:\dev\proj\JavaEE6_Book\chapter10\pom.xml.
2012-05-06 14:08:51,088 [Worker-6] ERROR o.e.m.c.i.i.nexus.NexusIndexManager - Unable to update index for central|http://repo1.maven.org/maven2
java.io.IOException: connection timed out to http://mirrors.ibiblio.org/pub/mirrors/maven2/dot-index/nexus-maven-repository-index.zip
	at org.eclipse.m2e.core.internal.index.nexus.AsyncFetcher$PipedErrorInputStream.checkError(AsyncFetcher.java:251) ~[org.eclipse.m2e.core_1.0.200.20111228-1245.jar:na]
	at org.eclipse.m2e.core.internal.index.nexus.AsyncFetcher$PipedErrorInputStream.read(AsyncFetcher.java:259) ~[org.eclipse.m2e.core_1.0.200.20111228-1245.jar:na]
	at java.io.PipedInputStream.read(Unknown Source) ~[na:1.6.0_24]
	at java.io.InputStream.read(Unknown Source) ~[na:1.6.0_24]
	at org.codehaus.plexus.util.IOUtil.copy(IOUtil.java:188) ~[plexus-utils-2.0.6.jar:na]
	at org.codehaus.plexus.util.IOUtil.copy(IOUtil.java:174) ~[plexus-utils-2.0.6.jar:na]
	at org.codehaus.plexus.util.FileUtils.copyStreamToFile(FileUtils.java:1143) ~[plexus-utils-2.0.6.jar:na]
	at org.apache.maven.index.updater.DefaultIndexUpdater$LocalCacheIndexAdaptor.setIndexFile(DefaultIndexUpdater.java:700) ~[indexer-core-3.1.0.jar:3.1.0]
	at org.apache.maven.index.updater.DefaultIndexUpdater.fetchAndUpdateIndex(DefaultIndexUpdater.java:844) ~[indexer-core-3.1.0.jar:3.1.0]
	at org.apache.maven.index.updater.DefaultIndexUpdater.fetchAndUpdateIndex(DefaultIndexUpdater.java:135) ~[indexer-core-3.1.0.jar:3.1.0]
	at org.eclipse.m2e.core.internal.index.nexus.NexusIndexManager.updateRemoteIndex(NexusIndexManager.java:1124) [org.eclipse.m2e.core_1.0.200.20111228-1245.jar:na]
	at org.eclipse.m2e.core.internal.index.nexus.NexusIndexManager.updateIndex(NexusIndexManager.java:1081) [org.eclipse.m2e.core_1.0.200.20111228-1245.jar:na]
	at org.eclipse.m2e.core.internal.index.nexus.NexusIndexManager$1.run(NexusIndexManager.java:658) [org.eclipse.m2e.core_1.0.200.20111228-1245.jar:na]
	at org.eclipse.m2e.core.internal.index.nexus.IndexUpdaterJob.run(IndexUpdaterJob.java:71) [org.eclipse.m2e.core_1.0.200.20111228-1245.jar:na]
	at org.eclipse.core.internal.jobs.Worker.run(Worker.java:54) [org.eclipse.core.jobs_3.5.101.v20120113-1953.jar:na]
java.net.ConnectException: connection timed out to http://mirrors.ibiblio.org/pub/mirrors/maven2/dot-index/nexus-maven-repository-index.zip
	at com.ning.http.client.providers.netty.NettyConnectListener.operationComplete(NettyConnectListener.java:83) ~[na:na]
	at org.jboss.netty.channel.DefaultChannelFuture.notifyListener(DefaultChannelFuture.java:381) ~[na:na]
	at org.jboss.netty.channel.DefaultChannelFuture.notifyListeners(DefaultChannelFuture.java:372) ~[na:na]
	at org.jboss.netty.channel.DefaultChannelFuture.setFailure(DefaultChannelFuture.java:334) ~[na:na]
	at org.jboss.netty.channel.socket.nio.NioClientSocketPipelineSink$Boss.processConnectTimeout(NioClientSocketPipelineSink.java:374) ~[na:na]
	at org.jboss.netty.channel.socket.nio.NioClientSocketPipelineSink$Boss.run(NioClientSocketPipelineSink.java:283) ~[na:na]
	at org.jboss.netty.util.ThreadRenamingRunnable.run(ThreadRenamingRunnable.java:108) ~[na:na]
	at org.jboss.netty.util.internal.DeadLockProofWorker$1.run(DeadLockProofWorker.java:44) ~[na:na]
	at java.util.concurrent.ThreadPoolExecutor$Worker.runTask(Unknown Source) ~[na:1.6.0_24]
	at java.util.concurrent.ThreadPoolExecutor$Worker.run(Unknown Source) ~[na:1.6.0_24]
	at java.lang.Thread.run(Unknown Source) ~[na:1.6.0_24]
Caused by: java.net.ConnectException: connection timed out
	at org.jboss.netty.channel.socket.nio.NioClientSocketPipelineSink$Boss.processConnectTimeout(NioClientSocketPipelineSink.java:371) ~[na:na]
	at org.jboss.netty.channel.socket.nio.NioClientSocketPipelineSink$Boss.run(NioClientSocketPipelineSink.java:283) ~[na:na]
	... 3 common frames omitted
